\BOOKMARK [0][-]{chapter.1}{Introduction}{}
\BOOKMARK [1][-]{section.1.1}{Caveats}{chapter.1}
\BOOKMARK [1][-]{section.1.2}{Prerequisites}{chapter.1}
\BOOKMARK [1][-]{section.1.3}{Download}{chapter.1}
\BOOKMARK [1][-]{section.1.4}{Installing}{chapter.1}
\BOOKMARK [0][-]{chapter.2}{User Guide}{}
\BOOKMARK [0][-]{chapter.3}{Developer Guide}{}
\BOOKMARK [0][-]{chapter.4}{Modules}{}
\BOOKMARK [1][-]{section.4.1}{papi}{chapter.4}
\BOOKMARK [1][-]{section.4.2}{undopuft}{chapter.4}
\BOOKMARK [1][-]{section.4.3}{calped}{chapter.4}
\BOOKMARK [1][-]{section.4.4}{saaclean}{chapter.4}
\BOOKMARK [1][-]{section.4.5}{medsub}{chapter.4}
\BOOKMARK [1][-]{section.4.6}{flatten}{chapter.4}
\BOOKMARK [1][-]{section.4.7}{nonlincor}{chapter.4}
\BOOKMARK [1][-]{section.4.8}{applymask}{chapter.4}
\BOOKMARK [1][-]{section.4.9}{align}{chapter.4}
\BOOKMARK [1][-]{section.4.10}{weightmap}{chapter.4}
\BOOKMARK [1][-]{section.4.11}{mdrizzle}{chapter.4}
\BOOKMARK [0][-]{chapter.5}{Indices and tables}{}
\BOOKMARK [0][-]{section*.3}{Index}{}
